<?xml version="1.0" encoding="UTF-8"?>
<!-- Generated by org.testng.reporters.JUnitReportReporter -->
<testsuite hostname="DESKTOP-6SNOD9C" name="com.qa.testcases.loginPageTest" tests="2" failures="0" timestamp="12 Jul 2018 04:01:03 GMT" time="18.650" errors="0">
  <testcase name="PageTitle" time="5.142" classname="com.qa.testcases.loginPageTest"/>
  <testcase name="login" time="13.508" classname="com.qa.testcases.loginPageTest"/>
</testsuite> <!-- com.qa.testcases.loginPageTest -->
