<?xml version="1.0" encoding="UTF-8"?>
<!-- Generated by org.testng.reporters.JUnitReportReporter -->
<testsuite hostname="DESKTOP-6SNOD9C" name="com.qa.testcases.loginPageTest" tests="2" failures="0" timestamp="12 Jul 2018 00:36:59 GMT" time="16.996" errors="0">
  <testcase name="PageTitle" time="5.746" classname="com.qa.testcases.loginPageTest"/>
  <testcase name="login" time="11.250" classname="com.qa.testcases.loginPageTest"/>
</testsuite> <!-- com.qa.testcases.loginPageTest -->
